c:\users\administrator\documents\projects\vocalid\flite-2.0.0\sapi\flitecmugenericcg\debug\flitecmugenericcg.pch
c:\users\administrator\documents\projects\vocalid\flite-2.0.0\sapi\flitecmugenericcg\debug\vc140.pdb
c:\users\administrator\documents\projects\vocalid\flite-2.0.0\sapi\flitecmugenericcg\debug\vc140.idb
c:\users\administrator\documents\projects\vocalid\flite-2.0.0\sapi\flitecmugenericcg\debug\stdafx.obj
c:\users\administrator\documents\projects\vocalid\flite-2.0.0\sapi\flitecmugenericcg\debug\dllmain.obj
c:\users\administrator\documents\projects\vocalid\flite-2.0.0\sapi\flitecmugenericcg\debug\flitecmugenericcgobj.obj
c:\users\administrator\documents\projects\vocalid\flite-2.0.0\sapi\flitecmugenericcg\debug\flitecmugenericcg.obj
c:\users\administrator\documents\projects\vocalid\flite-2.0.0\sapi\flitecmugenericcg\debug\flitecmugenericcg_i.obj
c:\users\administrator\documents\projects\vocalid\flite-2.0.0\sapi\debug\flitecmugenericcg.lib
c:\users\administrator\documents\projects\vocalid\flite-2.0.0\sapi\debug\flitecmugenericcg.exp
c:\users\administrator\documents\projects\vocalid\flite-2.0.0\sapi\debug\flitecmugenericcg.ilk
c:\users\administrator\documents\projects\vocalid\flite-2.0.0\sapi\debug\flitecmugenericcg.dll
c:\users\administrator\documents\projects\vocalid\flite-2.0.0\sapi\debug\flitecmugenericcg.pdb
c:\users\administrator\documents\projects\vocalid\flite-2.0.0\sapi\flitecmugenericcg\debug\flitecmugenericcg.tlb
c:\users\administrator\documents\projects\vocalid\flite-2.0.0\sapi\flitecmugenericcg\flitecmugenericcg_i.c
c:\users\administrator\documents\projects\vocalid\flite-2.0.0\sapi\flitecmugenericcg\flitecmugenericcg_i.h
c:\users\administrator\documents\projects\vocalid\flite-2.0.0\sapi\flitecmugenericcg\debug\flitecmugenericcg.res
c:\users\administrator\documents\projects\vocalid\flite-2.0.0\sapi\flitecmugenericcg\debug\flitecmugenericcg.vcxprojresolveassemblyreference.cache
c:\users\administrator\documents\projects\vocalid\flite-2.0.0\sapi\flitecmugenericcg\debug\flitecmu.cb643967.tlog\cl.command.1.tlog
c:\users\administrator\documents\projects\vocalid\flite-2.0.0\sapi\flitecmugenericcg\debug\flitecmu.cb643967.tlog\cl.read.1.tlog
c:\users\administrator\documents\projects\vocalid\flite-2.0.0\sapi\flitecmugenericcg\debug\flitecmu.cb643967.tlog\cl.write.1.tlog
c:\users\administrator\documents\projects\vocalid\flite-2.0.0\sapi\flitecmugenericcg\debug\flitecmu.cb643967.tlog\flitecmugenericcg.write.1u.tlog
c:\users\administrator\documents\projects\vocalid\flite-2.0.0\sapi\flitecmugenericcg\debug\flitecmu.cb643967.tlog\link-cvtres.read.1.tlog
c:\users\administrator\documents\projects\vocalid\flite-2.0.0\sapi\flitecmugenericcg\debug\flitecmu.cb643967.tlog\link-cvtres.write.1.tlog
c:\users\administrator\documents\projects\vocalid\flite-2.0.0\sapi\flitecmugenericcg\debug\flitecmu.cb643967.tlog\link-rc.read.1.tlog
c:\users\administrator\documents\projects\vocalid\flite-2.0.0\sapi\flitecmugenericcg\debug\flitecmu.cb643967.tlog\link-rc.write.1.tlog
c:\users\administrator\documents\projects\vocalid\flite-2.0.0\sapi\flitecmugenericcg\debug\flitecmu.cb643967.tlog\link.4440-cvtres.read.1.tlog
c:\users\administrator\documents\projects\vocalid\flite-2.0.0\sapi\flitecmugenericcg\debug\flitecmu.cb643967.tlog\link.4440-cvtres.write.1.tlog
c:\users\administrator\documents\projects\vocalid\flite-2.0.0\sapi\flitecmugenericcg\debug\flitecmu.cb643967.tlog\link.4440-rc.read.1.tlog
c:\users\administrator\documents\projects\vocalid\flite-2.0.0\sapi\flitecmugenericcg\debug\flitecmu.cb643967.tlog\link.4440-rc.write.1.tlog
c:\users\administrator\documents\projects\vocalid\flite-2.0.0\sapi\flitecmugenericcg\debug\flitecmu.cb643967.tlog\link.4440.read.1.tlog
c:\users\administrator\documents\projects\vocalid\flite-2.0.0\sapi\flitecmugenericcg\debug\flitecmu.cb643967.tlog\link.4440.write.1.tlog
c:\users\administrator\documents\projects\vocalid\flite-2.0.0\sapi\flitecmugenericcg\debug\flitecmu.cb643967.tlog\link.command.1.tlog
c:\users\administrator\documents\projects\vocalid\flite-2.0.0\sapi\flitecmugenericcg\debug\flitecmu.cb643967.tlog\link.read.1.tlog
c:\users\administrator\documents\projects\vocalid\flite-2.0.0\sapi\flitecmugenericcg\debug\flitecmu.cb643967.tlog\link.write.1.tlog
c:\users\administrator\documents\projects\vocalid\flite-2.0.0\sapi\flitecmugenericcg\debug\flitecmu.cb643967.tlog\midl.command.1.tlog
c:\users\administrator\documents\projects\vocalid\flite-2.0.0\sapi\flitecmugenericcg\debug\flitecmu.cb643967.tlog\midl.read.1.tlog
c:\users\administrator\documents\projects\vocalid\flite-2.0.0\sapi\flitecmugenericcg\debug\flitecmu.cb643967.tlog\midl.write.1.tlog
c:\users\administrator\documents\projects\vocalid\flite-2.0.0\sapi\flitecmugenericcg\debug\flitecmu.cb643967.tlog\rc.command.1.tlog
c:\users\administrator\documents\projects\vocalid\flite-2.0.0\sapi\flitecmugenericcg\debug\flitecmu.cb643967.tlog\rc.read.1.tlog
c:\users\administrator\documents\projects\vocalid\flite-2.0.0\sapi\flitecmugenericcg\debug\flitecmu.cb643967.tlog\rc.write.1.tlog
