Build started 9/22/2015 4:01:44 AM.
     1>Project "C:\Users\Administrator\Documents\projects\vocalid\flite-2.0.0\sapi\cmu_us_kal\cmu_us_kal.vcxproj" on node 2 (Build target(s)).
     1>ClCompile:
         C:\Program Files (x86)\Microsoft Visual Studio 14.0\VC\bin\CL.exe /c /I..\..\include /I..\..\lang\cmulex /I..\..\lang\usenglish /Zi /nologo /W3 /WX- /O2 /Oy- /D NDEBUG /D WIN32 /D _LIB /D NO_UNION_INITIALIZATION /D _VC80_UPGRADE=0x0600 /D _USING_V110_SDK71_ /D _MBCS /GF /Gm- /EHsc /MT /GS /Gy /fp:precise /Zc:wchar_t /Zc:forScope /Zc:inline /Fo".\Release\\" /Fd".\Release\cmu_us_kal.pdb" /Gd /TC /analyze- /errorReport:prompt ..\..\lang\cmu_us_kal\cmu_us_kal.c ..\..\lang\cmu_us_kal\cmu_us_kal_diphone.c ..\..\lang\cmu_us_kal\cmu_us_kal_lpc.c ..\..\lang\cmu_us_kal\cmu_us_kal_res.c ..\..\lang\cmu_us_kal\cmu_us_kal_residx.c ..\..\lang\cmu_us_kal\cmu_us_kal_ressize.c
         cmu_us_kal.c
     1>..\..\lang\cmu_us_kal\cmu_us_kal.c(74): warning C4305: 'function': truncation from 'double' to 'float'
         cmu_us_kal_diphone.c
     1>..\..\lang\cmu_us_kal\cmu_us_kal_diphone.c(29): warning C4305: 'initializing': truncation from 'double' to 'float'
         cmu_us_kal_lpc.c
         cmu_us_kal_res.c
         cmu_us_kal_residx.c
         cmu_us_kal_ressize.c
         Generating Code...
       Lib:
         C:\Program Files (x86)\Microsoft Visual Studio 14.0\VC\bin\Lib.exe /OUT:".\Release\cmu_us_kal.lib" /NOLOGO .\Release\cmu_us_kal.obj
         .\Release\cmu_us_kal_diphone.obj
         .\Release\cmu_us_kal_lpc.obj
         .\Release\cmu_us_kal_res.obj
         .\Release\cmu_us_kal_residx.obj
         .\Release\cmu_us_kal_ressize.obj
         cmu_us_kal.vcxproj -> C:\Users\Administrator\Documents\projects\vocalid\flite-2.0.0\sapi\cmu_us_kal\.\Release\cmu_us_kal.lib
     1>Done Building Project "C:\Users\Administrator\Documents\projects\vocalid\flite-2.0.0\sapi\cmu_us_kal\cmu_us_kal.vcxproj" (Build target(s)).

Build succeeded.

Time Elapsed 00:00:01.49
