Build started 9/16/2015 9:24:37 AM.
     1>Project "C:\Users\Administrator\Documents\projects\vocalid\flite-2.0.0\sapi\FliteTTSEngineObj\FliteTTSEngineObj.vcxproj" on node 3 (Rebuild target(s)).
     1>ClCompile:
         C:\Program Files (x86)\Microsoft Visual Studio 14.0\VC\bin\CL.exe /c /I..\..\include /Zi /nologo /W3 /WX- /O2 /Oy- /D WIN32 /D NDEBUG /D _LIB /D _VC80_UPGRADE=0x0600 /D _USING_V110_SDK71_ /D _MBCS /GF /Gm- /EHsc /MT /GS /Gy /fp:precise /Zc:wchar_t /Zc:forScope /Zc:inline /Fo".\Release\\" /Fd".\Release\FliteTTSEngineObj.pdb" /Gd /TP /analyze- /errorReport:prompt FliteTTSEngineObj.cpp
         FliteTTSEngineObj.cpp
     1>FliteTTSEngineObj.cpp(476): warning C4244: 'argument': conversion from 'double' to 'float', possible loss of data
     1>FliteTTSEngineObj.cpp(479): warning C4244: 'argument': conversion from 'double' to 'float', possible loss of data
     1>FliteTTSEngineObj.cpp(494): warning C4996: 'wcstombs': This function or variable may be unsafe. Consider using wcstombs_s instead. To disable deprecation, use _CRT_SECURE_NO_WARNINGS. See online help for details.
         C:\Program Files (x86)\Windows Kits\10\Include\10.0.10150.0\ucrt\stdlib.h(1008): note: see declaration of 'wcstombs'
     1>FliteTTSEngineObj.cpp(496): warning C4996: 'wcstombs': This function or variable may be unsafe. Consider using wcstombs_s instead. To disable deprecation, use _CRT_SECURE_NO_WARNINGS. See online help for details.
         C:\Program Files (x86)\Windows Kits\10\Include\10.0.10150.0\ucrt\stdlib.h(1008): note: see declaration of 'wcstombs'
     1>FliteTTSEngineObj.cpp(534): warning C4018: '<': signed/unsigned mismatch
     1>FliteTTSEngineObj.cpp(540): warning C4996: 'wcstombs': This function or variable may be unsafe. Consider using wcstombs_s instead. To disable deprecation, use _CRT_SECURE_NO_WARNINGS. See online help for details.
         C:\Program Files (x86)\Windows Kits\10\Include\10.0.10150.0\ucrt\stdlib.h(1008): note: see declaration of 'wcstombs'
     1>FliteTTSEngineObj.cpp(542): warning C4996: 'wcstombs': This function or variable may be unsafe. Consider using wcstombs_s instead. To disable deprecation, use _CRT_SECURE_NO_WARNINGS. See online help for details.
         C:\Program Files (x86)\Windows Kits\10\Include\10.0.10150.0\ucrt\stdlib.h(1008): note: see declaration of 'wcstombs'
     1>FliteTTSEngineObj.cpp(599): warning C4996: 'wcstombs': This function or variable may be unsafe. Consider using wcstombs_s instead. To disable deprecation, use _CRT_SECURE_NO_WARNINGS. See online help for details.
         C:\Program Files (x86)\Windows Kits\10\Include\10.0.10150.0\ucrt\stdlib.h(1008): note: see declaration of 'wcstombs'
     1>FliteTTSEngineObj.cpp(601): warning C4996: 'wcstombs': This function or variable may be unsafe. Consider using wcstombs_s instead. To disable deprecation, use _CRT_SECURE_NO_WARNINGS. See online help for details.
         C:\Program Files (x86)\Windows Kits\10\Include\10.0.10150.0\ucrt\stdlib.h(1008): note: see declaration of 'wcstombs'
     1>FliteTTSEngineObj.cpp(635): warning C4244: 'argument': conversion from 'double' to 'float', possible loss of data
     1>FliteTTSEngineObj.cpp(637): warning C4244: 'argument': conversion from 'double' to 'float', possible loss of data
         C:\Program Files (x86)\Microsoft Visual Studio 14.0\VC\bin\CL.exe /c /I..\..\include /Zi /nologo /W3 /WX- /O2 /Oy- /D WIN32 /D NDEBUG /D _LIB /D _VC80_UPGRADE=0x0600 /D _USING_V110_SDK71_ /D _MBCS /GF /Gm- /EHsc /MT /GS /Gy /fp:precise /Zc:wchar_t /Zc:forScope /Zc:inline /Fo".\Release\\" /Fd".\Release\FliteTTSEngineObj.pdb" /Gd /TC /analyze- /errorReport:prompt flite_sapi_usenglish.c
         flite_sapi_usenglish.c
     1>flite_sapi_usenglish.c(182): warning C4996: 'sprintf': This function or variable may be unsafe. Consider using sprintf_s instead. To disable deprecation, use _CRT_SECURE_NO_WARNINGS. See online help for details.
         C:\Program Files (x86)\Windows Kits\10\Include\10.0.10150.0\ucrt\stdio.h(1769): note: see declaration of 'sprintf'
       Lib:
         C:\Program Files (x86)\Microsoft Visual Studio 14.0\VC\bin\Lib.exe /OUT:".\Release\FliteTTSEngineObj.lib" /NOLOGO .\Release\FliteTTSEngineObj.obj
         .\Release\flite_sapi_usenglish.obj
         FliteTTSEngineObj.vcxproj -> C:\Users\Administrator\Documents\projects\vocalid\flite-2.0.0\sapi\FliteTTSEngineObj\.\Release\FliteTTSEngineObj.lib
     1>Done Building Project "C:\Users\Administrator\Documents\projects\vocalid\flite-2.0.0\sapi\FliteTTSEngineObj\FliteTTSEngineObj.vcxproj" (Rebuild target(s)).

Build succeeded.

Time Elapsed 00:00:00.90
