Build started 10/30/2015 11:04:01 PM.
     1>Project "C:\Users\Administrator\Documents\projects\vocalid\flite-2.0.0\sapi\FliteTTSEngineObj\FliteTTSEngineObj.vcxproj" on node 2 (Build target(s)).
     1>ClCompile:
         C:\Program Files (x86)\Microsoft Visual Studio 14.0\VC\bin\x86_amd64\CL.exe /c /I..\..\include /Zi /nologo /W3 /WX- /O2 /D WIN32 /D NDEBUG /D _LIB /D _VC80_UPGRADE=0x0600 /D _USING_V110_SDK71_ /D _MBCS /GF /Gm- /EHsc /MT /GS /Gy /fp:precise /Zc:wchar_t /Zc:forScope /Zc:inline /Fo"x64\Release\\" /Fd"x64\Release\FliteTTSEngineObj.pdb" /Gd /TP /errorReport:prompt FliteTTSEngineObj.cpp
         FliteTTSEngineObj.cpp
     1>FliteTTSEngineObj.cpp(482): warning C4244: 'argument': conversion from 'double' to 'float', possible loss of data
     1>FliteTTSEngineObj.cpp(485): warning C4244: 'argument': conversion from 'double' to 'float', possible loss of data
     1>FliteTTSEngineObj.cpp(501): warning C4267: 'argument': conversion from 'size_t' to 'int', possible loss of data
     1>FliteTTSEngineObj.cpp(527): warning C4267: 'argument': conversion from 'size_t' to 'int', possible loss of data
     1>FliteTTSEngineObj.cpp(500): warning C4996: 'wcstombs': This function or variable may be unsafe. Consider using wcstombs_s instead. To disable deprecation, use _CRT_SECURE_NO_WARNINGS. See online help for details.
         C:\Program Files (x86)\Windows Kits\10\Include\10.0.10150.0\ucrt\stdlib.h(1008): note: see declaration of 'wcstombs'
     1>FliteTTSEngineObj.cpp(502): warning C4996: 'wcstombs': This function or variable may be unsafe. Consider using wcstombs_s instead. To disable deprecation, use _CRT_SECURE_NO_WARNINGS. See online help for details.
         C:\Program Files (x86)\Windows Kits\10\Include\10.0.10150.0\ucrt\stdlib.h(1008): note: see declaration of 'wcstombs'
     1>FliteTTSEngineObj.cpp(540): warning C4018: '<': signed/unsigned mismatch
     1>FliteTTSEngineObj.cpp(546): warning C4267: '=': conversion from 'size_t' to 'int', possible loss of data
     1>FliteTTSEngineObj.cpp(546): warning C4996: 'wcstombs': This function or variable may be unsafe. Consider using wcstombs_s instead. To disable deprecation, use _CRT_SECURE_NO_WARNINGS. See online help for details.
         C:\Program Files (x86)\Windows Kits\10\Include\10.0.10150.0\ucrt\stdlib.h(1008): note: see declaration of 'wcstombs'
     1>FliteTTSEngineObj.cpp(548): warning C4996: 'wcstombs': This function or variable may be unsafe. Consider using wcstombs_s instead. To disable deprecation, use _CRT_SECURE_NO_WARNINGS. See online help for details.
         C:\Program Files (x86)\Windows Kits\10\Include\10.0.10150.0\ucrt\stdlib.h(1008): note: see declaration of 'wcstombs'
     1>FliteTTSEngineObj.cpp(606): warning C4267: 'argument': conversion from 'size_t' to 'int', possible loss of data
     1>FliteTTSEngineObj.cpp(605): warning C4996: 'wcstombs': This function or variable may be unsafe. Consider using wcstombs_s instead. To disable deprecation, use _CRT_SECURE_NO_WARNINGS. See online help for details.
         C:\Program Files (x86)\Windows Kits\10\Include\10.0.10150.0\ucrt\stdlib.h(1008): note: see declaration of 'wcstombs'
     1>FliteTTSEngineObj.cpp(607): warning C4996: 'wcstombs': This function or variable may be unsafe. Consider using wcstombs_s instead. To disable deprecation, use _CRT_SECURE_NO_WARNINGS. See online help for details.
         C:\Program Files (x86)\Windows Kits\10\Include\10.0.10150.0\ucrt\stdlib.h(1008): note: see declaration of 'wcstombs'
     1>FliteTTSEngineObj.cpp(641): warning C4244: 'argument': conversion from 'double' to 'float', possible loss of data
     1>FliteTTSEngineObj.cpp(643): warning C4244: 'argument': conversion from 'double' to 'float', possible loss of data
       Lib:
         C:\Program Files (x86)\Microsoft Visual Studio 14.0\VC\bin\x86_amd64\Lib.exe /OUT:"C:\Users\Administrator\Documents\projects\vocalid\flite-2.0.0\sapi\x64\Release\\FliteTTSEngineObj.lib" /NOLOGO /MACHINE:X64 x64\Release\FliteTTSEngineObj.obj
         x64\Release\flite_sapi_usenglish.obj
         FliteTTSEngineObj.vcxproj -> C:\Users\Administrator\Documents\projects\vocalid\flite-2.0.0\sapi\x64\Release\FliteTTSEngineObj.lib
     1>Done Building Project "C:\Users\Administrator\Documents\projects\vocalid\flite-2.0.0\sapi\FliteTTSEngineObj\FliteTTSEngineObj.vcxproj" (Build target(s)).

Build succeeded.

Time Elapsed 00:00:00.83
