c:\users\administrator\documents\projects\vocalid\flite-2.0.0\sapi\flite\win32\release\flite.pdb
c:\users\administrator\documents\projects\vocalid\flite-2.0.0\sapi\flite\win32\release\cst_regex.obj
c:\users\administrator\documents\projects\vocalid\flite-2.0.0\sapi\flite\win32\release\cst_lts.obj
c:\users\administrator\documents\projects\vocalid\flite-2.0.0\sapi\flite\win32\release\cst_lexicon.obj
c:\users\administrator\documents\projects\vocalid\flite-2.0.0\sapi\flite\win32\release\cst_utterance.obj
c:\users\administrator\documents\projects\vocalid\flite-2.0.0\sapi\flite\win32\release\cst_rel_io.obj
c:\users\administrator\documents\projects\vocalid\flite-2.0.0\sapi\flite\win32\release\cst_relation.obj
c:\users\administrator\documents\projects\vocalid\flite-2.0.0\sapi\flite\win32\release\cst_item.obj
c:\users\administrator\documents\projects\vocalid\flite-2.0.0\sapi\flite\win32\release\cst_ffeature.obj
c:\users\administrator\documents\projects\vocalid\flite-2.0.0\sapi\flite\win32\release\cst_vc.obj
c:\users\administrator\documents\projects\vocalid\flite-2.0.0\sapi\flite\win32\release\cst_spamf0.obj
c:\users\administrator\documents\projects\vocalid\flite-2.0.0\sapi\flite\win32\release\cst_mlsa.obj
c:\users\administrator\documents\projects\vocalid\flite-2.0.0\sapi\flite\win32\release\cst_mlpg.obj
c:\users\administrator\documents\projects\vocalid\flite-2.0.0\sapi\flite\win32\release\cst_cg_map.obj
c:\users\administrator\documents\projects\vocalid\flite-2.0.0\sapi\flite\win32\release\cst_cg_load_voice.obj
c:\users\administrator\documents\projects\vocalid\flite-2.0.0\sapi\flite\win32\release\cst_cg_dump_voice.obj
c:\users\administrator\documents\projects\vocalid\flite-2.0.0\sapi\flite\win32\release\cst_cg.obj
c:\users\administrator\documents\projects\vocalid\flite-2.0.0\sapi\flite\win32\release\au_streaming.obj
c:\users\administrator\documents\projects\vocalid\flite-2.0.0\sapi\flite\win32\release\au_none.obj
c:\users\administrator\documents\projects\vocalid\flite-2.0.0\sapi\flite\win32\release\au_command.obj
c:\users\administrator\documents\projects\vocalid\flite-2.0.0\sapi\flite\win32\release\audio.obj
c:\users\administrator\documents\projects\vocalid\flite-2.0.0\sapi\flite\win32\release\cst_utt_utils.obj
c:\users\administrator\documents\projects\vocalid\flite-2.0.0\sapi\flite\win32\release\cst_synth.obj
c:\users\administrator\documents\projects\vocalid\flite-2.0.0\sapi\flite\win32\release\cst_ssml.obj
c:\users\administrator\documents\projects\vocalid\flite-2.0.0\sapi\flite\win32\release\cst_phoneset.obj
c:\users\administrator\documents\projects\vocalid\flite-2.0.0\sapi\flite\win32\release\cst_ffeatures.obj
c:\users\administrator\documents\projects\vocalid\flite-2.0.0\sapi\flite\win32\release\cst_viterbi.obj
c:\users\administrator\documents\projects\vocalid\flite-2.0.0\sapi\flite\win32\release\cst_cart.obj
c:\users\administrator\documents\projects\vocalid\flite-2.0.0\sapi\flite\win32\release\rateconv.obj
c:\users\administrator\documents\projects\vocalid\flite-2.0.0\sapi\flite\win32\release\g72x.obj
c:\users\administrator\documents\projects\vocalid\flite-2.0.0\sapi\flite\win32\release\g723_40.obj
c:\users\administrator\documents\projects\vocalid\flite-2.0.0\sapi\flite\win32\release\g723_24.obj
c:\users\administrator\documents\projects\vocalid\flite-2.0.0\sapi\flite\win32\release\g721.obj
c:\users\administrator\documents\projects\vocalid\flite-2.0.0\sapi\flite\win32\release\cst_wave_utils.obj
c:\users\administrator\documents\projects\vocalid\flite-2.0.0\sapi\flite\win32\release\cst_wave_io.obj
c:\users\administrator\documents\projects\vocalid\flite-2.0.0\sapi\flite\win32\release\cst_wave.obj
c:\users\administrator\documents\projects\vocalid\flite-2.0.0\sapi\flite\win32\release\cst_track_io.obj
c:\users\administrator\documents\projects\vocalid\flite-2.0.0\sapi\flite\win32\release\cst_track.obj
c:\users\administrator\documents\projects\vocalid\flite-2.0.0\sapi\flite\win32\release\cst_lpcres.obj
c:\users\administrator\documents\projects\vocalid\flite-2.0.0\sapi\flite\win32\release\regsub.obj
c:\users\administrator\documents\projects\vocalid\flite-2.0.0\sapi\flite\win32\release\regexp.obj
c:\users\administrator\documents\projects\vocalid\flite-2.0.0\sapi\flite\win32\release\cst_diphone.obj
c:\users\administrator\documents\projects\vocalid\flite-2.0.0\sapi\flite\win32\release\cst_clunits.obj
c:\users\administrator\documents\projects\vocalid\flite-2.0.0\sapi\flite\win32\release\cst_wchar.obj
c:\users\administrator\documents\projects\vocalid\flite-2.0.0\sapi\flite\win32\release\cst_val_user.obj
c:\users\administrator\documents\projects\vocalid\flite-2.0.0\sapi\flite\win32\release\cst_val_const.obj
c:\users\administrator\documents\projects\vocalid\flite-2.0.0\sapi\flite\win32\release\cst_val.obj
c:\users\administrator\documents\projects\vocalid\flite-2.0.0\sapi\flite\win32\release\cst_url.obj
c:\users\administrator\documents\projects\vocalid\flite-2.0.0\sapi\flite\win32\release\cst_tokenstream.obj
c:\users\administrator\documents\projects\vocalid\flite-2.0.0\sapi\flite\win32\release\cst_string.obj
c:\users\administrator\documents\projects\vocalid\flite-2.0.0\sapi\flite\win32\release\cst_socket.obj
c:\users\administrator\documents\projects\vocalid\flite-2.0.0\sapi\flite\win32\release\cst_mmap_win32.obj
c:\users\administrator\documents\projects\vocalid\flite-2.0.0\sapi\flite\win32\release\cst_mmap_none.obj
c:\users\administrator\documents\projects\vocalid\flite-2.0.0\sapi\flite\win32\release\cst_file_stdio.obj
c:\users\administrator\documents\projects\vocalid\flite-2.0.0\sapi\flite\win32\release\cst_features.obj
c:\users\administrator\documents\projects\vocalid\flite-2.0.0\sapi\flite\win32\release\cst_error.obj
c:\users\administrator\documents\projects\vocalid\flite-2.0.0\sapi\flite\win32\release\cst_endian.obj
c:\users\administrator\documents\projects\vocalid\flite-2.0.0\sapi\flite\win32\release\cst_args.obj
c:\users\administrator\documents\projects\vocalid\flite-2.0.0\sapi\flite\win32\release\cst_alloc.obj
c:\users\administrator\documents\projects\vocalid\flite-2.0.0\sapi\flite\win32\release\flite.obj
c:\users\administrator\documents\projects\vocalid\flite-2.0.0\sapi\flite\win32\release\cst_voice.obj
c:\users\administrator\documents\projects\vocalid\flite-2.0.0\sapi\flite\win32\release\cst_units.obj
c:\users\administrator\documents\projects\vocalid\flite-2.0.0\sapi\flite\win32\release\cst_sts.obj
c:\users\administrator\documents\projects\vocalid\flite-2.0.0\sapi\flite\win32\release\cst_sigpr.obj
c:\users\administrator\documents\projects\vocalid\flite-2.0.0\sapi\flite\win32\release\cst_reflpc.obj
c:\users\administrator\documents\projects\vocalid\flite-2.0.0\sapi\win32\release\flite.lib
c:\users\administrator\documents\projects\vocalid\flite-2.0.0\sapi\flite\win32\release\flite.tlog\cl.command.1.tlog
c:\users\administrator\documents\projects\vocalid\flite-2.0.0\sapi\flite\win32\release\flite.tlog\cl.read.1.tlog
c:\users\administrator\documents\projects\vocalid\flite-2.0.0\sapi\flite\win32\release\flite.tlog\cl.write.1.tlog
c:\users\administrator\documents\projects\vocalid\flite-2.0.0\sapi\flite\win32\release\flite.tlog\lib-link.read.1.tlog
c:\users\administrator\documents\projects\vocalid\flite-2.0.0\sapi\flite\win32\release\flite.tlog\lib-link.write.1.tlog
c:\users\administrator\documents\projects\vocalid\flite-2.0.0\sapi\flite\win32\release\flite.tlog\lib.command.1.tlog
