c:\users\administrator\documents\projects\vocalid\flite-2.0.0\sapi\flitecmugenericcg\x64\release\flitecmugenericcg.pch
c:\users\administrator\documents\projects\vocalid\flite-2.0.0\sapi\flitecmugenericcg\x64\release\vc140.pdb
c:\users\administrator\documents\projects\vocalid\flite-2.0.0\sapi\flitecmugenericcg\x64\release\stdafx.obj
c:\users\administrator\documents\projects\vocalid\flite-2.0.0\sapi\flitecmugenericcg\x64\release\dllmain.obj
c:\users\administrator\documents\projects\vocalid\flite-2.0.0\sapi\flitecmugenericcg\x64\release\flitecmugenericcgobj.obj
c:\users\administrator\documents\projects\vocalid\flite-2.0.0\sapi\flitecmugenericcg\x64\release\flitecmugenericcg.obj
c:\users\administrator\documents\projects\vocalid\flite-2.0.0\sapi\flitecmugenericcg\x64\release\flitecmugenericcg_i.obj
c:\users\administrator\documents\projects\vocalid\flite-2.0.0\sapi\x64\release\flitecmugenericcg.lib
c:\users\administrator\documents\projects\vocalid\flite-2.0.0\sapi\x64\release\flitecmugenericcg.exp
c:\users\administrator\documents\projects\vocalid\flite-2.0.0\sapi\x64\release\flitecmugenericcg.dll
c:\users\administrator\documents\projects\vocalid\flite-2.0.0\sapi\x64\release\flitecmugenericcg.pdb
c:\users\administrator\documents\projects\vocalid\flite-2.0.0\sapi\flitecmugenericcg\x64\release\flitecmugenericcg.tlb
c:\users\administrator\documents\projects\vocalid\flite-2.0.0\sapi\flitecmugenericcg\flitecmugenericcg_i.c
c:\users\administrator\documents\projects\vocalid\flite-2.0.0\sapi\flitecmugenericcg\flitecmugenericcg_i.h
c:\users\administrator\documents\projects\vocalid\flite-2.0.0\sapi\flitecmugenericcg\x64\release\flitecmugenericcg.res
c:\users\administrator\documents\projects\vocalid\flite-2.0.0\sapi\flitecmugenericcg\x64\release\flitecmu.cb643967.tlog\cl.command.1.tlog
c:\users\administrator\documents\projects\vocalid\flite-2.0.0\sapi\flitecmugenericcg\x64\release\flitecmu.cb643967.tlog\cl.read.1.tlog
c:\users\administrator\documents\projects\vocalid\flite-2.0.0\sapi\flitecmugenericcg\x64\release\flitecmu.cb643967.tlog\cl.write.1.tlog
c:\users\administrator\documents\projects\vocalid\flite-2.0.0\sapi\flitecmugenericcg\x64\release\flitecmu.cb643967.tlog\flitecmugenericcg.write.1u.tlog
c:\users\administrator\documents\projects\vocalid\flite-2.0.0\sapi\flitecmugenericcg\x64\release\flitecmu.cb643967.tlog\link.command.1.tlog
c:\users\administrator\documents\projects\vocalid\flite-2.0.0\sapi\flitecmugenericcg\x64\release\flitecmu.cb643967.tlog\link.read.1.tlog
c:\users\administrator\documents\projects\vocalid\flite-2.0.0\sapi\flitecmugenericcg\x64\release\flitecmu.cb643967.tlog\link.write.1.tlog
c:\users\administrator\documents\projects\vocalid\flite-2.0.0\sapi\flitecmugenericcg\x64\release\flitecmu.cb643967.tlog\midl.command.1.tlog
c:\users\administrator\documents\projects\vocalid\flite-2.0.0\sapi\flitecmugenericcg\x64\release\flitecmu.cb643967.tlog\midl.read.1.tlog
c:\users\administrator\documents\projects\vocalid\flite-2.0.0\sapi\flitecmugenericcg\x64\release\flitecmu.cb643967.tlog\midl.write.1.tlog
c:\users\administrator\documents\projects\vocalid\flite-2.0.0\sapi\flitecmugenericcg\x64\release\flitecmu.cb643967.tlog\rc.command.1.tlog
c:\users\administrator\documents\projects\vocalid\flite-2.0.0\sapi\flitecmugenericcg\x64\release\flitecmu.cb643967.tlog\rc.read.1.tlog
c:\users\administrator\documents\projects\vocalid\flite-2.0.0\sapi\flitecmugenericcg\x64\release\flitecmu.cb643967.tlog\rc.write.1.tlog
