Build started 10/30/2015 9:51:11 PM.
     1>Project "C:\Users\Administrator\Documents\projects\vocalid\flite-2.0.0\sapi\cmulex\cmulex.vcxproj" on node 3 (Build target(s)).
     1>ClCompile:
         C:\Program Files (x86)\Microsoft Visual Studio 14.0\VC\bin\CL.exe /c /I..\..\include /Zi /nologo /W3 /WX- /Od /Oy- /D WIN32 /D _DEBUG /D _LIB /D _VC80_UPGRADE=0x0600 /D _USING_V110_SDK71_ /D _MBCS /Gm /EHsc /RTC1 /MTd /GS /Gy- /fp:precise /Zc:wchar_t /Zc:forScope /Zc:inline /Fo".\Debug\\" /Fd".\Debug\cmulex.pdb" /Gd /TC /analyze- /errorReport:prompt  /Zm250 ..\..\lang\cmulex\cmu_lex.c ..\..\lang\cmulex\cmu_lex_data.c ..\..\lang\cmulex\cmu_lex_entries.c ..\..\lang\cmulex\cmu_lts_model.c ..\..\lang\cmulex\cmu_lts_rules.c ..\..\lang\cmulex\cmu_postlex.c
         cmu_postlex.c
         cmu_lts_rules.c
         cmu_lts_model.c
         cmu_lex_entries.c
         cmu_lex_data.c
         cmu_lex.c
         Generating Code...
     1>C:\Program Files (x86)\MSBuild\Microsoft.Cpp\v4.0\V140\Microsoft.CppBuild.targets(1357,5): warning MSB8012: TargetPath(C:\Users\Administrator\Documents\projects\vocalid\flite-2.0.0\sapi\Win32\Debug\cmulex.lib) does not match the Library's OutputFile property value (C:\Users\Administrator\Documents\projects\vocalid\flite-2.0.0\sapi\cmulex\Debug\cmulex.lib). This may cause your project to build incorrectly. To correct this, please make sure that $(OutDir), $(TargetName) and $(TargetExt) property values match the value specified in %(Lib.OutputFile).
       Lib:
         C:\Program Files (x86)\Microsoft Visual Studio 14.0\VC\bin\Lib.exe /OUT:".\Debug\cmulex.lib" /NOLOGO .\Debug\cmu_lex.obj
         .\Debug\cmu_lex_data.obj
         .\Debug\cmu_lex_entries.obj
         .\Debug\cmu_lts_model.obj
         .\Debug\cmu_lts_rules.obj
         .\Debug\cmu_postlex.obj
         cmulex.vcxproj -> C:\Users\Administrator\Documents\projects\vocalid\flite-2.0.0\sapi\Win32\Debug\cmulex.lib
     1>Done Building Project "C:\Users\Administrator\Documents\projects\vocalid\flite-2.0.0\sapi\cmulex\cmulex.vcxproj" (Build target(s)).

Build succeeded.

Time Elapsed 00:00:02.52
