c:\users\administrator\documents\projects\vocalid\flite-2.0.0\sapi\flitecmukaldiphone\debug\flitecmukaldiphone.pch
c:\users\administrator\documents\projects\vocalid\flite-2.0.0\sapi\flitecmukaldiphone\debug\vc140.pdb
c:\users\administrator\documents\projects\vocalid\flite-2.0.0\sapi\flitecmukaldiphone\debug\vc140.idb
c:\users\administrator\documents\projects\vocalid\flite-2.0.0\sapi\flitecmukaldiphone\debug\stdafx.obj
c:\users\administrator\documents\projects\vocalid\flite-2.0.0\sapi\flitecmukaldiphone\debug\flitecmukaldiphone.obj
c:\users\administrator\documents\projects\vocalid\flite-2.0.0\sapi\flitecmukaldiphone\debug\flitecmukaldiphoneobj.obj
c:\users\administrator\documents\projects\vocalid\flite-2.0.0\sapi\flitecmukaldiphone\debug\flitecmukaldiphone.lib
c:\users\administrator\documents\projects\vocalid\flite-2.0.0\sapi\flitecmukaldiphone\debug\flitecmukaldiphone.exp
c:\users\administrator\documents\projects\vocalid\flite-2.0.0\sapi\win32\debug\regsvr32.trg
c:\users\administrator\documents\projects\vocalid\flite-2.0.0\sapi\flitecmukaldiphone\debug\flitecmukaldiphone.ilk
c:\users\administrator\documents\projects\vocalid\flite-2.0.0\sapi\flitecmukaldiphone\debug\flitecmukaldiphone.dll
c:\users\administrator\documents\projects\vocalid\flite-2.0.0\sapi\win32\debug\flitecmukaldiphone.pdb
c:\users\administrator\documents\projects\vocalid\flite-2.0.0\sapi\flitecmukaldiphone\flitecmukaldiphone.tlb
c:\users\administrator\documents\projects\vocalid\flite-2.0.0\sapi\flitecmukaldiphone\flitecmukaldiphone_i.c
c:\users\administrator\documents\projects\vocalid\flite-2.0.0\sapi\flitecmukaldiphone\flitecmukaldiphone.h
c:\users\administrator\documents\projects\vocalid\flite-2.0.0\sapi\flitecmukaldiphone\win32\debug\flitecmukaldiphone.res
c:\users\administrator\documents\projects\vocalid\flite-2.0.0\sapi\flitecmukaldiphone\win32\debug\flitecmu.467b0e23.tlog\cl.command.1.tlog
c:\users\administrator\documents\projects\vocalid\flite-2.0.0\sapi\flitecmukaldiphone\win32\debug\flitecmu.467b0e23.tlog\cl.read.1.tlog
c:\users\administrator\documents\projects\vocalid\flite-2.0.0\sapi\flitecmukaldiphone\win32\debug\flitecmu.467b0e23.tlog\cl.write.1.tlog
c:\users\administrator\documents\projects\vocalid\flite-2.0.0\sapi\flitecmukaldiphone\win32\debug\flitecmu.467b0e23.tlog\flitecmukaldiphone.write.1u.tlog
c:\users\administrator\documents\projects\vocalid\flite-2.0.0\sapi\flitecmukaldiphone\win32\debug\flitecmu.467b0e23.tlog\link.command.1.tlog
c:\users\administrator\documents\projects\vocalid\flite-2.0.0\sapi\flitecmukaldiphone\win32\debug\flitecmu.467b0e23.tlog\link.read.1.tlog
c:\users\administrator\documents\projects\vocalid\flite-2.0.0\sapi\flitecmukaldiphone\win32\debug\flitecmu.467b0e23.tlog\link.write.1.tlog
c:\users\administrator\documents\projects\vocalid\flite-2.0.0\sapi\flitecmukaldiphone\win32\debug\flitecmu.467b0e23.tlog\midl.command.1.tlog
c:\users\administrator\documents\projects\vocalid\flite-2.0.0\sapi\flitecmukaldiphone\win32\debug\flitecmu.467b0e23.tlog\midl.read.1.tlog
c:\users\administrator\documents\projects\vocalid\flite-2.0.0\sapi\flitecmukaldiphone\win32\debug\flitecmu.467b0e23.tlog\midl.write.1.tlog
c:\users\administrator\documents\projects\vocalid\flite-2.0.0\sapi\flitecmukaldiphone\win32\debug\flitecmu.467b0e23.tlog\rc.command.1.tlog
c:\users\administrator\documents\projects\vocalid\flite-2.0.0\sapi\flitecmukaldiphone\win32\debug\flitecmu.467b0e23.tlog\rc.read.1.tlog
c:\users\administrator\documents\projects\vocalid\flite-2.0.0\sapi\flitecmukaldiphone\win32\debug\flitecmu.467b0e23.tlog\rc.write.1.tlog
