c:\users\administrator\documents\projects\vocalid\flite-2.0.0\sapi\flite\debug\flite.pdb
c:\users\administrator\documents\projects\vocalid\flite-2.0.0\sapi\flite\debug\flite.idb
c:\users\administrator\documents\projects\vocalid\flite-2.0.0\sapi\flite\debug\cst_endian.obj
c:\users\administrator\documents\projects\vocalid\flite-2.0.0\sapi\flite\debug\cst_error.obj
c:\users\administrator\documents\projects\vocalid\flite-2.0.0\sapi\flite\debug\cst_features.obj
c:\users\administrator\documents\projects\vocalid\flite-2.0.0\sapi\flite\debug\cst_file_stdio.obj
c:\users\administrator\documents\projects\vocalid\flite-2.0.0\sapi\flite\debug\cst_mmap_none.obj
c:\users\administrator\documents\projects\vocalid\flite-2.0.0\sapi\flite\debug\cst_mmap_win32.obj
c:\users\administrator\documents\projects\vocalid\flite-2.0.0\sapi\flite\debug\cst_socket.obj
c:\users\administrator\documents\projects\vocalid\flite-2.0.0\sapi\flite\debug\cst_string.obj
c:\users\administrator\documents\projects\vocalid\flite-2.0.0\sapi\flite\debug\cst_tokenstream.obj
c:\users\administrator\documents\projects\vocalid\flite-2.0.0\sapi\flite\debug\cst_url.obj
c:\users\administrator\documents\projects\vocalid\flite-2.0.0\sapi\flite\debug\cst_val.obj
c:\users\administrator\documents\projects\vocalid\flite-2.0.0\sapi\flite\debug\cst_val_const.obj
c:\users\administrator\documents\projects\vocalid\flite-2.0.0\sapi\flite\debug\cst_val_user.obj
c:\users\administrator\documents\projects\vocalid\flite-2.0.0\sapi\flite\debug\cst_wchar.obj
c:\users\administrator\documents\projects\vocalid\flite-2.0.0\sapi\flite\debug\cst_clunits.obj
c:\users\administrator\documents\projects\vocalid\flite-2.0.0\sapi\flite\debug\cst_diphone.obj
c:\users\administrator\documents\projects\vocalid\flite-2.0.0\sapi\flite\debug\cst_reflpc.obj
c:\users\administrator\documents\projects\vocalid\flite-2.0.0\sapi\flite\debug\cst_sigpr.obj
c:\users\administrator\documents\projects\vocalid\flite-2.0.0\sapi\flite\debug\cst_sts.obj
c:\users\administrator\documents\projects\vocalid\flite-2.0.0\sapi\flite\debug\cst_units.obj
c:\users\administrator\documents\projects\vocalid\flite-2.0.0\sapi\flite\debug\cst_track_io.obj
c:\users\administrator\documents\projects\vocalid\flite-2.0.0\sapi\flite\debug\cst_wave.obj
c:\users\administrator\documents\projects\vocalid\flite-2.0.0\sapi\flite\debug\cst_wave_io.obj
c:\users\administrator\documents\projects\vocalid\flite-2.0.0\sapi\flite\debug\cst_wave_utils.obj
c:\users\administrator\documents\projects\vocalid\flite-2.0.0\sapi\flite\debug\g721.obj
c:\users\administrator\documents\projects\vocalid\flite-2.0.0\sapi\flite\debug\g723_24.obj
c:\users\administrator\documents\projects\vocalid\flite-2.0.0\sapi\flite\debug\g723_40.obj
c:\users\administrator\documents\projects\vocalid\flite-2.0.0\sapi\flite\debug\g72x.obj
c:\users\administrator\documents\projects\vocalid\flite-2.0.0\sapi\flite\debug\rateconv.obj
c:\users\administrator\documents\projects\vocalid\flite-2.0.0\sapi\flite\debug\cst_cart.obj
c:\users\administrator\documents\projects\vocalid\flite-2.0.0\sapi\flite\debug\cst_viterbi.obj
c:\users\administrator\documents\projects\vocalid\flite-2.0.0\sapi\flite\debug\cst_ffeatures.obj
c:\users\administrator\documents\projects\vocalid\flite-2.0.0\sapi\flite\debug\cst_phoneset.obj
c:\users\administrator\documents\projects\vocalid\flite-2.0.0\sapi\flite\debug\cst_ssml.obj
c:\users\administrator\documents\projects\vocalid\flite-2.0.0\sapi\flite\debug\cst_synth.obj
c:\users\administrator\documents\projects\vocalid\flite-2.0.0\sapi\flite\debug\cst_utt_utils.obj
c:\users\administrator\documents\projects\vocalid\flite-2.0.0\sapi\flite\debug\cst_voice.obj
c:\users\administrator\documents\projects\vocalid\flite-2.0.0\sapi\flite\debug\flite.obj
c:\users\administrator\documents\projects\vocalid\flite-2.0.0\sapi\flite\debug\cst_alloc.obj
c:\users\administrator\documents\projects\vocalid\flite-2.0.0\sapi\flite\debug\cst_args.obj
c:\users\administrator\documents\projects\vocalid\flite-2.0.0\sapi\flite\debug\cst_cg.obj
c:\users\administrator\documents\projects\vocalid\flite-2.0.0\sapi\flite\debug\cst_cg_dump_voice.obj
c:\users\administrator\documents\projects\vocalid\flite-2.0.0\sapi\flite\debug\cst_cg_load_voice.obj
c:\users\administrator\documents\projects\vocalid\flite-2.0.0\sapi\flite\debug\cst_cg_map.obj
c:\users\administrator\documents\projects\vocalid\flite-2.0.0\sapi\flite\debug\cst_mlpg.obj
c:\users\administrator\documents\projects\vocalid\flite-2.0.0\sapi\flite\debug\cst_mlsa.obj
c:\users\administrator\documents\projects\vocalid\flite-2.0.0\sapi\flite\debug\cst_spamf0.obj
c:\users\administrator\documents\projects\vocalid\flite-2.0.0\sapi\flite\debug\cst_vc.obj
c:\users\administrator\documents\projects\vocalid\flite-2.0.0\sapi\flite\debug\cst_ffeature.obj
c:\users\administrator\documents\projects\vocalid\flite-2.0.0\sapi\flite\debug\cst_item.obj
c:\users\administrator\documents\projects\vocalid\flite-2.0.0\sapi\flite\debug\cst_relation.obj
c:\users\administrator\documents\projects\vocalid\flite-2.0.0\sapi\flite\debug\cst_rel_io.obj
c:\users\administrator\documents\projects\vocalid\flite-2.0.0\sapi\flite\debug\cst_utterance.obj
c:\users\administrator\documents\projects\vocalid\flite-2.0.0\sapi\flite\debug\cst_lexicon.obj
c:\users\administrator\documents\projects\vocalid\flite-2.0.0\sapi\flite\debug\cst_lts.obj
c:\users\administrator\documents\projects\vocalid\flite-2.0.0\sapi\flite\debug\cst_regex.obj
c:\users\administrator\documents\projects\vocalid\flite-2.0.0\sapi\flite\debug\regexp.obj
c:\users\administrator\documents\projects\vocalid\flite-2.0.0\sapi\flite\debug\regsub.obj
c:\users\administrator\documents\projects\vocalid\flite-2.0.0\sapi\flite\debug\cst_lpcres.obj
c:\users\administrator\documents\projects\vocalid\flite-2.0.0\sapi\flite\debug\cst_track.obj
c:\users\administrator\documents\projects\vocalid\flite-2.0.0\sapi\flite\debug\audio.obj
c:\users\administrator\documents\projects\vocalid\flite-2.0.0\sapi\flite\debug\au_command.obj
c:\users\administrator\documents\projects\vocalid\flite-2.0.0\sapi\flite\debug\au_none.obj
c:\users\administrator\documents\projects\vocalid\flite-2.0.0\sapi\flite\debug\au_streaming.obj
c:\users\administrator\documents\projects\vocalid\flite-2.0.0\sapi\flite\debug\flite.lib
c:\users\administrator\documents\projects\vocalid\flite-2.0.0\sapi\flite\win32\debug\flite.tlog\cl.command.1.tlog
c:\users\administrator\documents\projects\vocalid\flite-2.0.0\sapi\flite\win32\debug\flite.tlog\cl.read.1.tlog
c:\users\administrator\documents\projects\vocalid\flite-2.0.0\sapi\flite\win32\debug\flite.tlog\cl.write.1.tlog
c:\users\administrator\documents\projects\vocalid\flite-2.0.0\sapi\flite\win32\debug\flite.tlog\lib-link.read.1.tlog
c:\users\administrator\documents\projects\vocalid\flite-2.0.0\sapi\flite\win32\debug\flite.tlog\lib-link.write.1.tlog
c:\users\administrator\documents\projects\vocalid\flite-2.0.0\sapi\flite\win32\debug\flite.tlog\lib.command.1.tlog
