c:\users\administrator\documents\projects\vocalid\flite-2.0.0\sapi\usenglish\debug\usenglish.pdb
c:\users\administrator\documents\projects\vocalid\flite-2.0.0\sapi\usenglish\debug\usenglish.idb
c:\users\administrator\documents\projects\vocalid\flite-2.0.0\sapi\usenglish\debug\usenglish.obj
c:\users\administrator\documents\projects\vocalid\flite-2.0.0\sapi\usenglish\debug\us_aswd.obj
c:\users\administrator\documents\projects\vocalid\flite-2.0.0\sapi\usenglish\debug\us_durz_cart.obj
c:\users\administrator\documents\projects\vocalid\flite-2.0.0\sapi\usenglish\debug\us_dur_stats.obj
c:\users\administrator\documents\projects\vocalid\flite-2.0.0\sapi\usenglish\debug\us_expand.obj
c:\users\administrator\documents\projects\vocalid\flite-2.0.0\sapi\usenglish\debug\us_f0lr.obj
c:\users\administrator\documents\projects\vocalid\flite-2.0.0\sapi\usenglish\debug\us_f0_model.obj
c:\users\administrator\documents\projects\vocalid\flite-2.0.0\sapi\usenglish\debug\us_ffeatures.obj
c:\users\administrator\documents\projects\vocalid\flite-2.0.0\sapi\usenglish\debug\us_gpos.obj
c:\users\administrator\documents\projects\vocalid\flite-2.0.0\sapi\usenglish\debug\us_int_accent_cart.obj
c:\users\administrator\documents\projects\vocalid\flite-2.0.0\sapi\usenglish\debug\us_int_tone_cart.obj
c:\users\administrator\documents\projects\vocalid\flite-2.0.0\sapi\usenglish\debug\us_nums_cart.obj
c:\users\administrator\documents\projects\vocalid\flite-2.0.0\sapi\usenglish\debug\us_phoneset.obj
c:\users\administrator\documents\projects\vocalid\flite-2.0.0\sapi\usenglish\debug\us_phrasing_cart.obj
c:\users\administrator\documents\projects\vocalid\flite-2.0.0\sapi\usenglish\debug\us_pos_cart.obj
c:\users\administrator\documents\projects\vocalid\flite-2.0.0\sapi\usenglish\debug\us_text.obj
c:\users\administrator\documents\projects\vocalid\flite-2.0.0\sapi\usenglish\debug\usenglish.lib
c:\users\administrator\documents\projects\vocalid\flite-2.0.0\sapi\usenglish\.\debug\usenglish.lib
c:\users\administrator\documents\projects\vocalid\flite-2.0.0\sapi\usenglish\debug\usenglish.tlog\cl.command.1.tlog
c:\users\administrator\documents\projects\vocalid\flite-2.0.0\sapi\usenglish\debug\usenglish.tlog\cl.read.1.tlog
c:\users\administrator\documents\projects\vocalid\flite-2.0.0\sapi\usenglish\debug\usenglish.tlog\cl.write.1.tlog
c:\users\administrator\documents\projects\vocalid\flite-2.0.0\sapi\usenglish\debug\usenglish.tlog\lib-link.read.1.tlog
c:\users\administrator\documents\projects\vocalid\flite-2.0.0\sapi\usenglish\debug\usenglish.tlog\lib-link.write.1.tlog
c:\users\administrator\documents\projects\vocalid\flite-2.0.0\sapi\usenglish\debug\usenglish.tlog\lib.command.1.tlog
