c:\users\administrator\documents\projects\vocalid\flite-2.0.0\sapi\flitecmugenericcg\x64\debug\flitecmugenericcg.pch
c:\users\administrator\documents\projects\vocalid\flite-2.0.0\sapi\flitecmugenericcg\x64\debug\vc140.pdb
c:\users\administrator\documents\projects\vocalid\flite-2.0.0\sapi\flitecmugenericcg\x64\debug\vc140.idb
c:\users\administrator\documents\projects\vocalid\flite-2.0.0\sapi\flitecmugenericcg\x64\debug\stdafx.obj
c:\users\administrator\documents\projects\vocalid\flite-2.0.0\sapi\flitecmugenericcg\x64\debug\dllmain.obj
c:\users\administrator\documents\projects\vocalid\flite-2.0.0\sapi\flitecmugenericcg\x64\debug\flitecmugenericcg.obj
c:\users\administrator\documents\projects\vocalid\flite-2.0.0\sapi\flitecmugenericcg\x64\debug\flitecmugenericcgobj.obj
c:\users\administrator\documents\projects\vocalid\flite-2.0.0\sapi\flitecmugenericcg\x64\debug\flitecmugenericcg_i.obj
c:\users\administrator\documents\projects\vocalid\flite-2.0.0\sapi\flitecmugenericcg\x64\debug\flitecmugenericcg.tlb
c:\users\administrator\documents\projects\vocalid\flite-2.0.0\sapi\flitecmugenericcg\flitecmugenericcg_i.c
c:\users\administrator\documents\projects\vocalid\flite-2.0.0\sapi\flitecmugenericcg\flitecmugenericcg_i.h
c:\users\administrator\documents\projects\vocalid\flite-2.0.0\sapi\flitecmugenericcg\x64\debug\flitecmugenericcg.res
c:\users\administrator\documents\projects\vocalid\flite-2.0.0\sapi\x64\debug\flitecmugenericcg.pdb
c:\users\administrator\documents\projects\vocalid\flite-2.0.0\sapi\flitecmugenericcg\x64\debug\flitecmu.cb643967.tlog\cl.command.1.tlog
c:\users\administrator\documents\projects\vocalid\flite-2.0.0\sapi\flitecmugenericcg\x64\debug\flitecmu.cb643967.tlog\cl.read.1.tlog
c:\users\administrator\documents\projects\vocalid\flite-2.0.0\sapi\flitecmugenericcg\x64\debug\flitecmu.cb643967.tlog\cl.write.1.tlog
c:\users\administrator\documents\projects\vocalid\flite-2.0.0\sapi\flitecmugenericcg\x64\debug\flitecmu.cb643967.tlog\link-cvtres.read.1.tlog
c:\users\administrator\documents\projects\vocalid\flite-2.0.0\sapi\flitecmugenericcg\x64\debug\flitecmu.cb643967.tlog\link-cvtres.write.1.tlog
c:\users\administrator\documents\projects\vocalid\flite-2.0.0\sapi\flitecmugenericcg\x64\debug\flitecmu.cb643967.tlog\link-rc.read.1.tlog
c:\users\administrator\documents\projects\vocalid\flite-2.0.0\sapi\flitecmugenericcg\x64\debug\flitecmu.cb643967.tlog\link-rc.write.1.tlog
c:\users\administrator\documents\projects\vocalid\flite-2.0.0\sapi\flitecmugenericcg\x64\debug\flitecmu.cb643967.tlog\link.command.1.tlog
c:\users\administrator\documents\projects\vocalid\flite-2.0.0\sapi\flitecmugenericcg\x64\debug\flitecmu.cb643967.tlog\link.read.1.tlog
c:\users\administrator\documents\projects\vocalid\flite-2.0.0\sapi\flitecmugenericcg\x64\debug\flitecmu.cb643967.tlog\link.write.1.tlog
c:\users\administrator\documents\projects\vocalid\flite-2.0.0\sapi\flitecmugenericcg\x64\debug\flitecmu.cb643967.tlog\midl.command.1.tlog
c:\users\administrator\documents\projects\vocalid\flite-2.0.0\sapi\flitecmugenericcg\x64\debug\flitecmu.cb643967.tlog\midl.read.1.tlog
c:\users\administrator\documents\projects\vocalid\flite-2.0.0\sapi\flitecmugenericcg\x64\debug\flitecmu.cb643967.tlog\midl.write.1.tlog
c:\users\administrator\documents\projects\vocalid\flite-2.0.0\sapi\flitecmugenericcg\x64\debug\flitecmu.cb643967.tlog\rc.command.1.tlog
c:\users\administrator\documents\projects\vocalid\flite-2.0.0\sapi\flitecmugenericcg\x64\debug\flitecmu.cb643967.tlog\rc.read.1.tlog
c:\users\administrator\documents\projects\vocalid\flite-2.0.0\sapi\flitecmugenericcg\x64\debug\flitecmu.cb643967.tlog\rc.write.1.tlog
