Build started 10/30/2015 6:57:54 PM.
     1>Project "C:\Users\Administrator\Documents\projects\vocalid\flite-2.0.0\sapi\FliteCMUGenericCG\FliteCMUGenericCG.vcxproj" on node 2 (Rebuild target(s)).
     1>Midl:
         C:\Program Files (x86)\Microsoft SDKs\Windows\v7.1A\bin\midl.exe /D _DEBUG /W1 /nologo /char signed /env x64 /Oicf /h "FliteCMUGenericCG_i.h" /iid "FliteCMUGenericCG_i.c" /proxy "FliteCMUGenericCG_p.c" /tlb "x64\Debug\FliteCMUGenericCG.tlb" /robust FliteCMUGenericCG.idl 
         64 bit Processing .\FliteCMUGenericCG.idl
         FliteCMUGenericCG.idl
         64 bit Processing C:\Program Files (x86)\Microsoft SDKs\Windows\v7.1A\include\oaidl.idl
         oaidl.idl
         64 bit Processing C:\Program Files (x86)\Microsoft SDKs\Windows\v7.1A\include\objidl.idl
         objidl.idl
         64 bit Processing C:\Program Files (x86)\Microsoft SDKs\Windows\v7.1A\include\unknwn.idl
         unknwn.idl
         64 bit Processing C:\Program Files (x86)\Microsoft SDKs\Windows\v7.1A\include\wtypes.idl
         wtypes.idl
         64 bit Processing C:\Program Files (x86)\Microsoft SDKs\Windows\v7.1A\include\basetsd.h
         basetsd.h
         64 bit Processing C:\Program Files (x86)\Microsoft SDKs\Windows\v7.1A\include\guiddef.h
         guiddef.h
         64 bit Processing C:\Program Files (x86)\Microsoft SDKs\Windows\v7.1A\include\ocidl.idl
         ocidl.idl
         64 bit Processing C:\Program Files (x86)\Microsoft SDKs\Windows\v7.1A\include\oleidl.idl
         oleidl.idl
         64 bit Processing C:\Program Files (x86)\Microsoft SDKs\Windows\v7.1A\include\servprov.idl
         servprov.idl
         64 bit Processing C:\Program Files (x86)\Microsoft SDKs\Windows\v7.1A\include\urlmon.idl
         urlmon.idl
         64 bit Processing C:\Program Files (x86)\Microsoft SDKs\Windows\v7.1A\include\msxml.idl
         msxml.idl
         64 bit Processing C:\Program Files (x86)\Microsoft SDKs\Windows\v7.1A\include\sapiddk.idl
         sapiddk.idl
         64 bit Processing C:\Program Files (x86)\Microsoft SDKs\Windows\v7.1A\include\sapi.idl
         sapi.idl
         64 bit Processing C:\Program Files (x86)\Microsoft SDKs\Windows\v7.1A\include\oaidl.acf
         oaidl.acf
         64 bit Processing C:\Program Files (x86)\Microsoft SDKs\Windows\v7.1A\include\ocidl.acf
         ocidl.acf
       ClCompile:
         C:\Program Files (x86)\Microsoft Visual Studio 14.0\VC\bin\x86_amd64\CL.exe /c /I..\..\include /I..\flitettsengineobj /ZI /nologo /W3 /WX- /sdl /Od /D _WINDOWS /D _DEBUG /D _USRDLL /D _USING_V110_SDK71_ /D _WINDLL /D _UNICODE /D UNICODE /Gm /EHsc /RTC1 /MDd /GS /fp:precise /Zc:wchar_t /Zc:forScope /Zc:inline /Yc"stdafx.h" /Fp"x64\Debug\FliteCMUGenericCG.pch" /Fo"x64\Debug\\" /Fd"x64\Debug\vc140.pdb" /Gd /TP /errorReport:prompt stdafx.cpp
         stdafx.cpp
         C:\Program Files (x86)\Microsoft Visual Studio 14.0\VC\bin\x86_amd64\CL.exe /c /I..\..\include /I..\flitettsengineobj /ZI /nologo /W3 /WX- /sdl /Od /D _WINDOWS /D _DEBUG /D _USRDLL /D _USING_V110_SDK71_ /D _WINDLL /D _UNICODE /D UNICODE /Gm /EHsc /RTC1 /MDd /GS /fp:precise /Zc:wchar_t /Zc:forScope /Zc:inline /Fo"x64\Debug\\" /Fd"x64\Debug\vc140.pdb" /Gd /TP /errorReport:prompt dllmain.cpp
         dllmain.cpp
         C:\Program Files (x86)\Microsoft Visual Studio 14.0\VC\bin\x86_amd64\CL.exe /c /I..\..\include /I..\flitettsengineobj /ZI /nologo /W3 /WX- /sdl /Od /D _WINDOWS /D _DEBUG /D _USRDLL /D _USING_V110_SDK71_ /D _WINDLL /D _UNICODE /D UNICODE /Gm /EHsc /RTC1 /MDd /GS /fp:precise /Zc:wchar_t /Zc:forScope /Zc:inline /Yu"stdafx.h" /Fp"x64\Debug\FliteCMUGenericCG.pch" /Fo"x64\Debug\\" /Fd"x64\Debug\vc140.pdb" /Gd /TP /errorReport:prompt FliteCMUGenericCG.cpp FliteCMUGenericCGObj.cpp
         FliteCMUGenericCGObj.cpp
         FliteCMUGenericCG.cpp
         Generating Code...
         C:\Program Files (x86)\Microsoft Visual Studio 14.0\VC\bin\x86_amd64\CL.exe /c /I..\..\include /I..\flitettsengineobj /ZI /nologo /W3 /WX- /sdl /Od /D _WINDOWS /D _DEBUG /D _USRDLL /D _USING_V110_SDK71_ /D _WINDLL /D _UNICODE /D UNICODE /Gm /EHsc /RTC1 /MDd /GS /fp:precise /Zc:wchar_t /Zc:forScope /Zc:inline /Fo"x64\Debug\\" /Fd"x64\Debug\vc140.pdb" /Gd /TC /errorReport:prompt FliteCMUGenericCG_i.c
         FliteCMUGenericCG_i.c
       ResourceCompile:
         C:\Program Files (x86)\Microsoft SDKs\Windows\v7.1A\bin\rc.exe /D _DEBUG /D _USING_V110_SDK71_ /D _UNICODE /D UNICODE /l"0x0409" /Ix64\Debug\ /nologo /fo"x64\Debug\FliteCMUGenericCG.res" FliteCMUGenericCG.rc 
       Link:
         C:\Program Files (x86)\Microsoft Visual Studio 14.0\VC\bin\x86_amd64\link.exe /ERRORREPORT:PROMPT /OUT:"C:\Users\Administrator\Documents\projects\vocalid\flite-2.0.0\sapi\x64\Debug\FliteCMUGenericCG.dll" /INCREMENTAL /NOLOGO kernel32.lib user32.lib gdi32.lib winspool.lib comdlg32.lib advapi32.lib shell32.lib ole32.lib oleaut32.lib uuid.lib odbc32.lib odbccp32.lib /DEF:".\FliteCMUGenericCG.def" /MANIFEST /MANIFESTUAC:"level='asInvoker' uiAccess='false'" /manifest:embed /Debug /PDB:"C:\Users\Administrator\Documents\projects\vocalid\flite-2.0.0\sapi\x64\Debug\FliteCMUGenericCG.pdb" /SUBSYSTEM:WINDOWS,"5.02" /TLBID:1 /DYNAMICBASE /NXCOMPAT /MACHINE:X64 /DLL x64\Debug\FliteCMUGenericCG.res
         x64\Debug\dllmain.obj
         x64\Debug\FliteCMUGenericCG.obj
         x64\Debug\FliteCMUGenericCGObj.obj
         x64\Debug\FliteCMUGenericCG_i.obj
         x64\Debug\stdafx.obj
         "C:\Users\Administrator\Documents\projects\vocalid\flite-2.0.0\sapi\cmulex\Debug\cmulex.lib"
         "C:\Users\Administrator\Documents\projects\vocalid\flite-2.0.0\sapi\flite\Debug\flite.lib"
         "C:\Users\Administrator\Documents\projects\vocalid\flite-2.0.0\sapi\FliteTTSEngineObj\Debug\FliteTTSEngineObj.lib"
         "C:\Users\Administrator\Documents\projects\vocalid\flite-2.0.0\sapi\usenglish\Debug\usenglish.lib"
         "C:\Users\Administrator\Documents\projects\vocalid\flite-2.0.0\sapi\x64\Debug\cmu_cg.lib"
            Creating library C:\Users\Administrator\Documents\projects\vocalid\flite-2.0.0\sapi\x64\Debug\FliteCMUGenericCG.lib and object C:\Users\Administrator\Documents\projects\vocalid\flite-2.0.0\sapi\x64\Debug\FliteCMUGenericCG.exp
     1>FliteCMUGenericCG.obj : error LNK2019: unresolved external symbol delete_utterance referenced in function "public: __cdecl CFliteTTSEngineObj::~CFliteTTSEngineObj(void)" (??1CFliteTTSEngineObj@@QEAA@XZ)
     1>FliteCMUGenericCG.obj : error LNK2019: unresolved external symbol flite_init referenced in function "public: __cdecl CFliteTTSEngineObj::CFliteTTSEngineObj(void)" (??0CFliteTTSEngineObj@@QEAA@XZ)
     1>FliteCMUGenericCG.obj : error LNK2019: unresolved external symbol flite_add_lang referenced in function DllMain
     1>FliteCMUGenericCG.obj : error LNK2001: unresolved external symbol "public: virtual long __cdecl CFliteTTSEngineObj::SetObjectToken(struct ISpObjectToken *)" (?SetObjectToken@CFliteTTSEngineObj@@UEAAJPEAUISpObjectToken@@@Z)
     1>FliteCMUGenericCG.obj : error LNK2001: unresolved external symbol "public: virtual long __cdecl CFliteTTSEngineObj::Speak(unsigned long,struct _GUID const &,struct tWAVEFORMATEX const *,struct SPVTEXTFRAG const *,struct ISpTTSEngineSite *)" (?Speak@CFliteTTSEngineObj@@UEAAJKAEBU_GUID@@PEBUtWAVEFORMATEX@@PEBUSPVTEXTFRAG@@PEAUISpTTSEngineSite@@@Z)
     1>FliteCMUGenericCG.obj : error LNK2001: unresolved external symbol "public: virtual long __cdecl CFliteTTSEngineObj::GetOutputFormat(struct _GUID const *,struct tWAVEFORMATEX const *,struct _GUID *,struct tWAVEFORMATEX * *)" (?GetOutputFormat@CFliteTTSEngineObj@@UEAAJPEBU_GUID@@PEBUtWAVEFORMATEX@@PEAU2@PEAPEAU3@@Z)
     1>FliteCMUGenericCG.obj : error LNK2019: unresolved external symbol flite_sapi_usenglish_phoneme referenced in function "public: __cdecl CFliteCMUGenericCGObj::CFliteCMUGenericCGObj(void)" (??0CFliteCMUGenericCGObj@@QEAA@XZ)
     1>FliteCMUGenericCG.obj : error LNK2019: unresolved external symbol flite_sapi_usenglish_viseme referenced in function "public: __cdecl CFliteCMUGenericCGObj::CFliteCMUGenericCGObj(void)" (??0CFliteCMUGenericCGObj@@QEAA@XZ)
     1>FliteCMUGenericCG.obj : error LNK2019: unresolved external symbol flite_sapi_usenglish_feature referenced in function "public: __cdecl CFliteCMUGenericCGObj::CFliteCMUGenericCGObj(void)" (??0CFliteCMUGenericCGObj@@QEAA@XZ)
     1>FliteCMUGenericCG.obj : error LNK2019: unresolved external symbol flite_sapi_usenglish_pronounce referenced in function "public: __cdecl CFliteCMUGenericCGObj::CFliteCMUGenericCGObj(void)" (??0CFliteCMUGenericCGObj@@QEAA@XZ)
     1>FliteCMUGenericCG.obj : error LNK2019: unresolved external symbol usenglish_init referenced in function DllMain
     1>FliteCMUGenericCG.obj : error LNK2019: unresolved external symbol cmulex_init referenced in function DllMain
     1>FliteCMUGenericCGObj.obj : error LNK2019: unresolved external symbol delete_voice referenced in function UNREGISTER_VOX
     1>FliteCMUGenericCGObj.obj : error LNK2019: unresolved external symbol flite_voice_load referenced in function REGISTER_VOX
     1>C:\Users\Administrator\Documents\projects\vocalid\flite-2.0.0\sapi\cmulex\Debug\cmulex.lib : warning LNK4272: library machine type 'X86' conflicts with target machine type 'x64'
     1>C:\Users\Administrator\Documents\projects\vocalid\flite-2.0.0\sapi\flite\Debug\flite.lib : warning LNK4272: library machine type 'X86' conflicts with target machine type 'x64'
     1>C:\Users\Administrator\Documents\projects\vocalid\flite-2.0.0\sapi\FliteTTSEngineObj\Debug\FliteTTSEngineObj.lib : warning LNK4272: library machine type 'X86' conflicts with target machine type 'x64'
     1>C:\Users\Administrator\Documents\projects\vocalid\flite-2.0.0\sapi\usenglish\Debug\usenglish.lib : warning LNK4272: library machine type 'X86' conflicts with target machine type 'x64'
     1>C:\Users\Administrator\Documents\projects\vocalid\flite-2.0.0\sapi\x64\Debug\FliteCMUGenericCG.dll : fatal error LNK1120: 14 unresolved externals
     1>Done Building Project "C:\Users\Administrator\Documents\projects\vocalid\flite-2.0.0\sapi\FliteCMUGenericCG\FliteCMUGenericCG.vcxproj" (Rebuild target(s)) -- FAILED.

Build FAILED.

Time Elapsed 00:00:02.13
