c:\users\administrator\documents\projects\vocalid\flite-2.0.0\sapi\cmu_cg\debug\cmu_cg.pch
c:\users\administrator\documents\projects\vocalid\flite-2.0.0\sapi\cmu_cg\debug\cmu_cg.pdb
c:\users\administrator\documents\projects\vocalid\flite-2.0.0\sapi\cmu_cg\debug\cmu_cg.idb
c:\users\administrator\documents\projects\vocalid\flite-2.0.0\sapi\cmu_cg\debug\stdafx.obj
c:\users\administrator\documents\projects\vocalid\flite-2.0.0\sapi\cmu_cg\debug\cst_cg.obj
c:\users\administrator\documents\projects\vocalid\flite-2.0.0\sapi\cmu_cg\debug\cst_cg_dump_voice.obj
c:\users\administrator\documents\projects\vocalid\flite-2.0.0\sapi\cmu_cg\debug\cst_cg_load_voice.obj
c:\users\administrator\documents\projects\vocalid\flite-2.0.0\sapi\cmu_cg\debug\cst_cg_map.obj
c:\users\administrator\documents\projects\vocalid\flite-2.0.0\sapi\cmu_cg\debug\cst_mlpg.obj
c:\users\administrator\documents\projects\vocalid\flite-2.0.0\sapi\cmu_cg\debug\cst_mlsa.obj
c:\users\administrator\documents\projects\vocalid\flite-2.0.0\sapi\cmu_cg\debug\cst_spamf0.obj
c:\users\administrator\documents\projects\vocalid\flite-2.0.0\sapi\cmu_cg\debug\cst_vc.obj
c:\users\administrator\documents\projects\vocalid\flite-2.0.0\sapi\debug\cmu_cg.lib
c:\users\administrator\documents\projects\vocalid\flite-2.0.0\sapi\debug\cmu_cg.pdb
c:\users\administrator\documents\projects\vocalid\flite-2.0.0\sapi\cmu_cg\debug\cmu_cg.tlog\cl.command.1.tlog
c:\users\administrator\documents\projects\vocalid\flite-2.0.0\sapi\cmu_cg\debug\cmu_cg.tlog\cl.read.1.tlog
c:\users\administrator\documents\projects\vocalid\flite-2.0.0\sapi\cmu_cg\debug\cmu_cg.tlog\cl.write.1.tlog
c:\users\administrator\documents\projects\vocalid\flite-2.0.0\sapi\cmu_cg\debug\cmu_cg.tlog\lib-link.read.1.tlog
c:\users\administrator\documents\projects\vocalid\flite-2.0.0\sapi\cmu_cg\debug\cmu_cg.tlog\lib-link.write.1.tlog
c:\users\administrator\documents\projects\vocalid\flite-2.0.0\sapi\cmu_cg\debug\cmu_cg.tlog\lib.command.1.tlog
